<?xml version="1.0" encoding="UTF-8"?>
<!-- Generated by org.testng.reporters.JUnitXMLReporter -->
<testsuite hostname="DESKTOP-45S4M42" ignored="0" name="Test" tests="1" failures="1" timestamp="28 Jul 2019 09:24:06 GMT" time="19.132" errors="0">
  <testcase name="feature" time="17.564" classname="cucumber.api.testng.AbstractTestNGCucumberTests">
    <failure type="cucumber.runtime.CucumberException" message="java.lang.AssertionError: expected [Guru99 Bank Home Page] but found [Guru99 Bank Manager HomePage]">
      <![CDATA[cucumber.runtime.CucumberException: java.lang.AssertionError: expected [Guru99 Bank Home Page] but found [Guru99 Bank Manager HomePage]
at cucumber.api.testng.TestNGCucumberRunner.runCucumber(TestNGCucumberRunner.java:69)
at cucumber.api.testng.AbstractTestNGCucumberTests.feature(AbstractTestNGCucumberTests.java:21)
Caused by: java.lang.AssertionError: expected [Guru99 Bank Home Page] but found [Guru99 Bank Manager HomePage]
at com.bdd.pages.LoginPage.Title(LoginPage.java:40)
at com.bdd.steps.LoginSteps.verify_Page_Title(LoginSteps.java:59)
at âœ½.Then verify Page title(Login.feature:8)
... Removed 31 stack frames]]>
    </failure>
  </testcase> <!-- feature -->
</testsuite> <!-- Test -->
